<?xml version="1.0" encoding="UTF-8"?>
<testsuite name="com.example.delay.grp.DelayCountMapperReducerTest" time="0.73" tests="2" errors="0" skipped="0" failures="1">
  <properties>
[...]
</properties>
  <testcase name="testMapReduce1" classname="com.example.delay.grp.DelayCountMapperReducerTest" time="0.68"/>
  <testcase name="testMapReduce2" classname="com.example.delay.grp.DelayCountMapperReducerTest" time="0.05">
    <failure message="10 Error(s): (Missing expected output (D,1987,7, 1) at position 1, got (total : , 1)., Missing expected output (D,1987,10, 1) at position 2, got (A,2008,1, 1)., Missing expected output (A,2008,1, 1) at position 3, got (total : , 1)., Missing expected output (A,1987,10, 1) at position 5, got (total : , 1)., Received unexpected output (D,1987,10, 1) at position 6., Received unexpected output (total : , 1) at position 7., Received unexpected output (A,1987,10, 1) at position 8., Received unexpected output (total : , 1) at position 9., Received unexpected output (D,1987,7, 1) at position 10., Received unexpected output (total : , 1) at position 11.)" type="java.lang.AssertionError">java.lang.AssertionError: 10 Error(s): (Missing expected output (D,1987,7, 1) at position 1, got (total : , 1)., Missing expected output (D,1987,10, 1) at position 2, got (A,2008,1, 1)., Missing expected output (A,2008,1, 1) at position 3, got (total : , 1)., Missing expected output (A,1987,10, 1) at position 5, got (total : , 1)., Received unexpected output (D,1987,10, 1) at position 6., Received unexpected output (total : , 1) at position 7., Received unexpected output (A,1987,10, 1) at position 8., Received unexpected output (total : , 1) at position 9., Received unexpected output (D,1987,7, 1) at position 10., Received unexpected output (total : , 1) at position 11.)
	at org.junit.Assert.fail(Assert.java:93)
	at org.apache.hadoop.mrunit.internal.util.Errors.assertNone(Errors.java:73)
	at org.apache.hadoop.mrunit.TestDriver.validate(TestDriver.java:768)
	at org.apache.hadoop.mrunit.TestDriver.runTest(TestDriver.java:641)
	at org.apache.hadoop.mrunit.TestDriver.runTest(TestDriver.java:627)
	at com.example.delay.grp.DelayCountMapperReducerTest.testMapReduce2(DelayCountMapperReducerTest.java:98)
</failure>
    <system-err><![CDATA[17/08/24 10:21:25 ERROR mrunit.TestDriver: Missing expected output (D,1987,7, 1) at position 1, got (total : , 1).
17/08/24 10:21:25 ERROR mrunit.TestDriver: Missing expected output (D,1987,10, 1) at position 2, got (A,2008,1, 1).
17/08/24 10:21:25 ERROR mrunit.TestDriver: Missing expected output (A,2008,1, 1) at position 3, got (total : , 1).
17/08/24 10:21:25 ERROR mrunit.TestDriver: Missing expected output (A,1987,10, 1) at position 5, got (total : , 1).
17/08/24 10:21:25 ERROR mrunit.TestDriver: Received unexpected output (D,1987,10, 1) at position 6.
17/08/24 10:21:25 ERROR mrunit.TestDriver: Received unexpected output (total : , 1) at position 7.
17/08/24 10:21:25 ERROR mrunit.TestDriver: Received unexpected output (A,1987,10, 1) at position 8.
17/08/24 10:21:25 ERROR mrunit.TestDriver: Received unexpected output (total : , 1) at position 9.
17/08/24 10:21:25 ERROR mrunit.TestDriver: Received unexpected output (D,1987,7, 1) at position 10.
17/08/24 10:21:25 ERROR mrunit.TestDriver: Received unexpected output (total : , 1) at position 11.
]]></system-err>
  </testcase>
</testsuite>