<?xml version="1.0" encoding="UTF-8"?>
<testsuite name="com.example.delay.grp.DelayCountMapperReducerTest" time="0.73" tests="2" errors="0" skipped="0" failures="1">
  <properties>
    <property name="java.runtime.name" value="Java(TM) SE Runtime Environment"/>
    <property name="sun.boot.library.path" value="/opt/jdk1.8.0_144/jre/lib/amd64"/>
    <property name="java.vm.version" value="25.144-b01"/>
    <property name="java.vm.vendor" value="Oracle Corporation"/>
    <property name="maven.multiModuleProjectDirectory" value="/project/03_Src/hadoop/chap06"/>
    <property name="java.vendor.url" value="http://java.oracle.com/"/>
    <property name="path.separator" value=":"/>
    <property name="guice.disable.misplaced.annotation.check" value="true"/>
    <property name="java.vm.name" value="Java HotSpot(TM) 64-Bit Server VM"/>
    <property name="file.encoding.pkg" value="sun.io"/>
    <property name="user.country" value="KR"/>
    <property name="sun.java.launcher" value="SUN_STANDARD"/>
    <property name="sun.os.patch.level" value="unknown"/>
    <property name="java.vm.specification.name" value="Java Virtual Machine Specification"/>
    <property name="user.dir" value="/project/03_Src/hadoop/chap06"/>
    <property name="java.runtime.version" value="1.8.0_144-b01"/>
    <property name="java.awt.graphicsenv" value="sun.awt.X11GraphicsEnvironment"/>
    <property name="java.endorsed.dirs" value="/opt/jdk1.8.0_144/jre/lib/endorsed"/>
    <property name="os.arch" value="amd64"/>
    <property name="java.io.tmpdir" value="/tmp"/>
    <property name="line.separator" value="&#10;"/>
    <property name="java.vm.specification.vendor" value="Oracle Corporation"/>
    <property name="os.name" value="Linux"/>
    <property name="classworlds.conf" value="/usr/share/maven/bin/m2.conf"/>
    <property name="sun.jnu.encoding" value="UTF-8"/>
    <property name="java.library.path" value="/opt/instantclient_12_2::/usr/java/packages/lib/amd64:/usr/lib64:/lib64:/lib:/usr/lib"/>
    <property name="java.specification.name" value="Java Platform API Specification"/>
    <property name="java.class.version" value="52.0"/>
    <property name="sun.management.compiler" value="HotSpot 64-Bit Tiered Compilers"/>
    <property name="os.version" value="4.10.0-32-generic"/>
    <property name="user.home" value="/home/java"/>
    <property name="user.timezone" value="Asia/Seoul"/>
    <property name="java.awt.printerjob" value="sun.print.PSPrinterJob"/>
    <property name="file.encoding" value="UTF-8"/>
    <property name="java.specification.version" value="1.8"/>
    <property name="user.name" value="java"/>
    <property name="java.class.path" value="/usr/share/maven/boot/plexus-classworlds-2.x.jar"/>
    <property name="java.vm.specification.version" value="1.8"/>
    <property name="sun.arch.data.model" value="64"/>
    <property name="java.home" value="/opt/jdk1.8.0_144/jre"/>
    <property name="sun.java.command" value="org.codehaus.plexus.classworlds.launcher.Launcher package -DskipTest"/>
    <property name="java.specification.vendor" value="Oracle Corporation"/>
    <property name="user.language" value="ko"/>
    <property name="awt.toolkit" value="sun.awt.X11.XToolkit"/>
    <property name="java.vm.info" value="mixed mode"/>
    <property name="java.version" value="1.8.0_144"/>
    <property name="java.ext.dirs" value="/opt/jdk1.8.0_144/jre/lib/ext:/usr/java/packages/lib/ext"/>
    <property name="securerandom.source" value="file:/dev/./urandom"/>
    <property name="sun.boot.class.path" value="/opt/jdk1.8.0_144/jre/lib/resources.jar:/opt/jdk1.8.0_144/jre/lib/rt.jar:/opt/jdk1.8.0_144/jre/lib/sunrsasign.jar:/opt/jdk1.8.0_144/jre/lib/jsse.jar:/opt/jdk1.8.0_144/jre/lib/jce.jar:/opt/jdk1.8.0_144/jre/lib/charsets.jar:/opt/jdk1.8.0_144/jre/lib/jfr.jar:/opt/jdk1.8.0_144/jre/classes"/>
    <property name="java.vendor" value="Oracle Corporation"/>
    <property name="skipTest" value="true"/>
    <property name="maven.home" value="/usr/share/maven"/>
    <property name="file.separator" value="/"/>
    <property name="java.vendor.url.bug" value="http://bugreport.sun.com/bugreport/"/>
    <property name="sun.cpu.endian" value="little"/>
    <property name="sun.io.unicode.encoding" value="UnicodeLittle"/>
    <property name="sun.desktop" value="gnome"/>
    <property name="sun.cpu.isalist" value=""/>
  </properties>
  <testcase name="testMapReduce1" classname="com.example.delay.grp.DelayCountMapperReducerTest" time="0.68"/>
  <testcase name="testMapReduce2" classname="com.example.delay.grp.DelayCountMapperReducerTest" time="0.05">
    <failure message="10 Error(s): (Missing expected output (D,1987,7, 1) at position 1, got (total : , 1)., Missing expected output (D,1987,10, 1) at position 2, got (A,2008,1, 1)., Missing expected output (A,2008,1, 1) at position 3, got (total : , 1)., Missing expected output (A,1987,10, 1) at position 5, got (total : , 1)., Received unexpected output (D,1987,10, 1) at position 6., Received unexpected output (total : , 1) at position 7., Received unexpected output (A,1987,10, 1) at position 8., Received unexpected output (total : , 1) at position 9., Received unexpected output (D,1987,7, 1) at position 10., Received unexpected output (total : , 1) at position 11.)" type="java.lang.AssertionError">java.lang.AssertionError: 10 Error(s): (Missing expected output (D,1987,7, 1) at position 1, got (total : , 1)., Missing expected output (D,1987,10, 1) at position 2, got (A,2008,1, 1)., Missing expected output (A,2008,1, 1) at position 3, got (total : , 1)., Missing expected output (A,1987,10, 1) at position 5, got (total : , 1)., Received unexpected output (D,1987,10, 1) at position 6., Received unexpected output (total : , 1) at position 7., Received unexpected output (A,1987,10, 1) at position 8., Received unexpected output (total : , 1) at position 9., Received unexpected output (D,1987,7, 1) at position 10., Received unexpected output (total : , 1) at position 11.)
	at org.junit.Assert.fail(Assert.java:93)
	at org.apache.hadoop.mrunit.internal.util.Errors.assertNone(Errors.java:73)
	at org.apache.hadoop.mrunit.TestDriver.validate(TestDriver.java:768)
	at org.apache.hadoop.mrunit.TestDriver.runTest(TestDriver.java:641)
	at org.apache.hadoop.mrunit.TestDriver.runTest(TestDriver.java:627)
	at com.example.delay.grp.DelayCountMapperReducerTest.testMapReduce2(DelayCountMapperReducerTest.java:98)
</failure>
    <system-err><![CDATA[17/08/24 10:21:25 ERROR mrunit.TestDriver: Missing expected output (D,1987,7, 1) at position 1, got (total : , 1).
17/08/24 10:21:25 ERROR mrunit.TestDriver: Missing expected output (D,1987,10, 1) at position 2, got (A,2008,1, 1).
17/08/24 10:21:25 ERROR mrunit.TestDriver: Missing expected output (A,2008,1, 1) at position 3, got (total : , 1).
17/08/24 10:21:25 ERROR mrunit.TestDriver: Missing expected output (A,1987,10, 1) at position 5, got (total : , 1).
17/08/24 10:21:25 ERROR mrunit.TestDriver: Received unexpected output (D,1987,10, 1) at position 6.
17/08/24 10:21:25 ERROR mrunit.TestDriver: Received unexpected output (total : , 1) at position 7.
17/08/24 10:21:25 ERROR mrunit.TestDriver: Received unexpected output (A,1987,10, 1) at position 8.
17/08/24 10:21:25 ERROR mrunit.TestDriver: Received unexpected output (total : , 1) at position 9.
17/08/24 10:21:25 ERROR mrunit.TestDriver: Received unexpected output (D,1987,7, 1) at position 10.
17/08/24 10:21:25 ERROR mrunit.TestDriver: Received unexpected output (total : , 1) at position 11.
]]></system-err>
  </testcase>
</testsuite>